<?xml version="1.0" encoding="UTF-8"?>
<!-- Generated by org.testng.reporters.JUnitXMLReporter -->
<testsuite hostname="197blrnb22556" ignored="0" name="Default test" tests="2" failures="0" timestamp="26 Feb 2019 10:31:34 GMT" time="0.441" errors="0">
  <testcase name="testOrderWithCustomerInfo" time="0.39" classname="com.paytm.smartretail_api_automation.TestOrderApi"/>
  <testcase name="testOrder_SingleItem" time="0.027" classname="com.paytm.smartretail_api_automation.TestOrderApi"/>
</testsuite> <!-- Default test -->
