<?xml version="1.0" encoding="UTF-8"?>
<testng-results skipped="0" failed="0" ignored="0" total="2" passed="2">
  <reporter-output>
  </reporter-output>
  <suite name="Default suite" duration-ms="441" started-at="2019-02-26T10:31:33Z" finished-at="2019-02-26T10:31:34Z">
    <groups>
    </groups>
    <test name="Default test" duration-ms="441" started-at="2019-02-26T10:31:33Z" finished-at="2019-02-26T10:31:34Z">
      <class name="com.paytm.smartretail_api_automation.TestOrderApi">
        <test-method status="PASS" signature="testOrderWithCustomerInfo()[pri:0, instance:com.paytm.smartretail_api_automation.TestOrderApi@7085bdee]" name="testOrderWithCustomerInfo" duration-ms="390" started-at="2019-02-26T10:31:34Z" finished-at="2019-02-26T10:31:34Z">
          <reporter-output>
          </reporter-output>
        </test-method> <!-- testOrderWithCustomerInfo -->
        <test-method status="PASS" signature="afterMethod()[pri:0, instance:com.paytm.smartretail_api_automation.TestOrderApi@7085bdee]" name="afterMethod" is-config="true" duration-ms="0" started-at="2019-02-26T10:31:34Z" finished-at="2019-02-26T10:31:34Z">
          <reporter-output>
          </reporter-output>
        </test-method> <!-- afterMethod -->
        <test-method status="PASS" signature="testOrder_SingleItem()[pri:0, instance:com.paytm.smartretail_api_automation.TestOrderApi@7085bdee]" name="testOrder_SingleItem" duration-ms="27" started-at="2019-02-26T10:31:34Z" finished-at="2019-02-26T10:31:34Z">
          <reporter-output>
          </reporter-output>
        </test-method> <!-- testOrder_SingleItem -->
        <test-method status="PASS" signature="afterMethod()[pri:0, instance:com.paytm.smartretail_api_automation.TestOrderApi@7085bdee]" name="afterMethod" is-config="true" duration-ms="0" started-at="2019-02-26T10:31:34Z" finished-at="2019-02-26T10:31:34Z">
          <reporter-output>
          </reporter-output>
        </test-method> <!-- afterMethod -->
      </class> <!-- com.paytm.smartretail_api_automation.TestOrderApi -->
    </test> <!-- Default test -->
  </suite> <!-- Default suite -->
</testng-results>
