<?xml version="1.0" encoding="UTF-8"?>
<testng-results ignored="0" total="1" passed="1" failed="0" skipped="0">
  <reporter-output>
  </reporter-output>
  <suite started-at="2019-03-04T09:35:45Z" name="Default suite" finished-at="2019-03-04T09:35:50Z" duration-ms="5012">
    <groups>
    </groups>
    <test started-at="2019-03-04T09:35:45Z" name="Default test" finished-at="2019-03-04T09:35:50Z" duration-ms="5012">
      <class name="com.paytm.smartretail_api_automation.TestOrderApi">
        <test-method is-config="true" signature="init()[pri:0, instance:com.paytm.smartretail_api_automation.TestOrderApi@4ef37659]" started-at="2019-03-04T09:35:45Z" name="init" finished-at="2019-03-04T09:35:50Z" duration-ms="4671" status="PASS">
          <reporter-output>
          </reporter-output>
        </test-method> <!-- init -->
        <test-method signature="testOrder_SingleItem()[pri:0, instance:com.paytm.smartretail_api_automation.TestOrderApi@4ef37659]" started-at="2019-03-04T09:35:50Z" name="testOrder_SingleItem" finished-at="2019-03-04T09:35:50Z" duration-ms="316" status="PASS">
          <reporter-output>
          </reporter-output>
        </test-method> <!-- testOrder_SingleItem -->
        <test-method is-config="true" signature="afterMethod()[pri:0, instance:com.paytm.smartretail_api_automation.TestOrderApi@4ef37659]" started-at="2019-03-04T09:35:50Z" name="afterMethod" finished-at="2019-03-04T09:35:50Z" duration-ms="0" status="PASS">
          <reporter-output>
          </reporter-output>
        </test-method> <!-- afterMethod -->
      </class> <!-- com.paytm.smartretail_api_automation.TestOrderApi -->
    </test> <!-- Default test -->
  </suite> <!-- Default suite -->
</testng-results>
